<?xml version="1.0" encoding="UTF-8"?>
<testng-results ignored="0" total="7" passed="7" failed="0" skipped="0">
  <reporter-output>
  </reporter-output>
  <suite started-at="2021-09-19T00:14:19 EDT" name="Default suite" finished-at="2021-09-19T00:14:24 EDT" duration-ms="4492">
    <groups>
      <group name="PUT Request">
        <method signature="Steps.i_update_a_record_on_specific_ID()[pri:4, instance:com.stepDefinition.Steps@be35cd9]" name="i_update_a_record_on_specific_ID" class="com.stepDefinition.Steps"/>
      </group> <!-- PUT Request -->
      <group name="POST Request">
        <method signature="Steps.i_added_new_videoGame_in_database()[pri:2, instance:com.stepDefinition.Steps@be35cd9]" name="i_added_new_videoGame_in_database" class="com.stepDefinition.Steps"/>
      </group> <!-- POST Request -->
      <group name="DELETE Request">
        <method signature="Steps.i_delete_any_record_from_database()[pri:6, instance:com.stepDefinition.Steps@be35cd9]" name="i_delete_any_record_from_database" class="com.stepDefinition.Steps"/>
      </group> <!-- DELETE Request -->
      <group name="GET Request">
        <method signature="Steps.i_am_on_Swagger_portal_to_get_all_video_games()[pri:1, instance:com.stepDefinition.Steps@be35cd9]" name="i_am_on_Swagger_portal_to_get_all_video_games" class="com.stepDefinition.Steps"/>
        <method signature="Steps.i_verify_with_response_message()[pri:3, instance:com.stepDefinition.Steps@be35cd9]" name="i_verify_with_response_message" class="com.stepDefinition.Steps"/>
        <method signature="Steps.verify_it_has_updated_with_a_response_message()[pri:5, instance:com.stepDefinition.Steps@be35cd9]" name="verify_it_has_updated_with_a_response_message" class="com.stepDefinition.Steps"/>
        <method signature="Steps.verify_the_record_has_deleted_with_response_message()[pri:7, instance:com.stepDefinition.Steps@be35cd9]" name="verify_the_record_has_deleted_with_response_message" class="com.stepDefinition.Steps"/>
      </group> <!-- GET Request -->
    </groups>
    <test started-at="2021-09-19T00:14:19 EDT" name="Default test" finished-at="2021-09-19T00:14:24 EDT" duration-ms="4492">
      <class name="com.stepDefinition.Steps">
        <test-method signature="i_am_on_Swagger_portal_to_get_all_video_games()[pri:1, instance:com.stepDefinition.Steps@be35cd9]" started-at="2021-09-19T00:14:20 EDT" name="i_am_on_Swagger_portal_to_get_all_video_games" finished-at="2021-09-19T00:14:22 EDT" duration-ms="2366" status="PASS">
          <reporter-output>
          </reporter-output>
        </test-method> <!-- i_am_on_Swagger_portal_to_get_all_video_games -->
        <test-method signature="i_added_new_videoGame_in_database()[pri:2, instance:com.stepDefinition.Steps@be35cd9]" started-at="2021-09-19T00:14:22 EDT" name="i_added_new_videoGame_in_database" finished-at="2021-09-19T00:14:22 EDT" duration-ms="538" status="PASS">
          <reporter-output>
          </reporter-output>
        </test-method> <!-- i_added_new_videoGame_in_database -->
        <test-method signature="i_verify_with_response_message()[pri:3, instance:com.stepDefinition.Steps@be35cd9]" started-at="2021-09-19T00:14:22 EDT" name="i_verify_with_response_message" finished-at="2021-09-19T00:14:23 EDT" duration-ms="119" status="PASS">
          <reporter-output>
          </reporter-output>
        </test-method> <!-- i_verify_with_response_message -->
        <test-method signature="i_update_a_record_on_specific_ID()[pri:4, instance:com.stepDefinition.Steps@be35cd9]" started-at="2021-09-19T00:14:23 EDT" name="i_update_a_record_on_specific_ID" finished-at="2021-09-19T00:14:24 EDT" duration-ms="1134" status="PASS">
          <reporter-output>
          </reporter-output>
        </test-method> <!-- i_update_a_record_on_specific_ID -->
        <test-method signature="verify_it_has_updated_with_a_response_message()[pri:5, instance:com.stepDefinition.Steps@be35cd9]" started-at="2021-09-19T00:14:24 EDT" name="verify_it_has_updated_with_a_response_message" finished-at="2021-09-19T00:14:24 EDT" duration-ms="79" status="PASS">
          <reporter-output>
          </reporter-output>
        </test-method> <!-- verify_it_has_updated_with_a_response_message -->
        <test-method signature="i_delete_any_record_from_database()[pri:6, instance:com.stepDefinition.Steps@be35cd9]" started-at="2021-09-19T00:14:24 EDT" name="i_delete_any_record_from_database" finished-at="2021-09-19T00:14:24 EDT" duration-ms="51" status="PASS">
          <reporter-output>
          </reporter-output>
        </test-method> <!-- i_delete_any_record_from_database -->
        <test-method signature="verify_the_record_has_deleted_with_response_message()[pri:7, instance:com.stepDefinition.Steps@be35cd9]" started-at="2021-09-19T00:14:24 EDT" name="verify_the_record_has_deleted_with_response_message" finished-at="2021-09-19T00:14:24 EDT" duration-ms="144" status="PASS">
          <exception class="java.lang.AssertionError">
            <message>
              <![CDATA[1 expectation failed.
Expected status code <200> but was <500>.
]]>
            </message>
            <full-stacktrace>
              <![CDATA[java.lang.AssertionError: 1 expectation failed.
Expected status code <200> but was <500>.

at java.base/jdk.internal.reflect.NativeConstructorAccessorImpl.newInstance0(Native Method)
at java.base/jdk.internal.reflect.NativeConstructorAccessorImpl.newInstance(NativeConstructorAccessorImpl.java:64)
at java.base/jdk.internal.reflect.DelegatingConstructorAccessorImpl.newInstance(DelegatingConstructorAccessorImpl.java:45)
at java.base/java.lang.reflect.Constructor.newInstanceWithCaller(Constructor.java:500)
at java.base/java.lang.reflect.Constructor.newInstance(Constructor.java:481)
at org.codehaus.groovy.reflection.CachedConstructor.invoke(CachedConstructor.java:72)
at org.codehaus.groovy.reflection.CachedConstructor.doConstructorInvoke(CachedConstructor.java:59)
at org.codehaus.groovy.runtime.callsite.ConstructorSite$ConstructorSiteNoUnwrap.callConstructor(ConstructorSite.java:84)
at org.codehaus.groovy.runtime.callsite.CallSiteArray.defaultCallConstructor(CallSiteArray.java:59)
at org.codehaus.groovy.runtime.callsite.AbstractCallSite.callConstructor(AbstractCallSite.java:263)
at org.codehaus.groovy.runtime.callsite.AbstractCallSite.callConstructor(AbstractCallSite.java:277)
at io.restassured.internal.ResponseSpecificationImpl$HamcrestAssertionClosure.validate(ResponseSpecificationImpl.groovy:493)
at io.restassured.internal.ResponseSpecificationImpl$HamcrestAssertionClosure$validate$1.call(Unknown Source)
at io.restassured.internal.ResponseSpecificationImpl.validateResponseIfRequired(ResponseSpecificationImpl.groovy:674)
at java.base/jdk.internal.reflect.NativeMethodAccessorImpl.invoke0(Native Method)
at java.base/jdk.internal.reflect.NativeMethodAccessorImpl.invoke(NativeMethodAccessorImpl.java:64)
at java.base/jdk.internal.reflect.DelegatingMethodAccessorImpl.invoke(DelegatingMethodAccessorImpl.java:43)
at java.base/java.lang.reflect.Method.invoke(Method.java:564)
at org.codehaus.groovy.runtime.callsite.PlainObjectMetaMethodSite.doInvoke(PlainObjectMetaMethodSite.java:43)
at org.codehaus.groovy.runtime.callsite.PogoMetaMethodSite$PogoCachedMethodSiteNoUnwrapNoCoerce.invoke(PogoMetaMethodSite.java:193)
at org.codehaus.groovy.runtime.callsite.PogoMetaMethodSite.callCurrent(PogoMetaMethodSite.java:61)
at org.codehaus.groovy.runtime.callsite.AbstractCallSite.callCurrent(AbstractCallSite.java:185)
at io.restassured.internal.ResponseSpecificationImpl.statusCode(ResponseSpecificationImpl.groovy:126)
at io.restassured.specification.ResponseSpecification$statusCode$0.callCurrent(Unknown Source)
at io.restassured.internal.ResponseSpecificationImpl.statusCode(ResponseSpecificationImpl.groovy:134)
at io.restassured.internal.ValidatableResponseOptionsImpl.statusCode(ValidatableResponseOptionsImpl.java:89)
at io.restassured.internal.ValidatableResponseImpl.super$2$statusCode(ValidatableResponseImpl.groovy)
at java.base/jdk.internal.reflect.NativeMethodAccessorImpl.invoke0(Native Method)
at java.base/jdk.internal.reflect.NativeMethodAccessorImpl.invoke(NativeMethodAccessorImpl.java:64)
at java.base/jdk.internal.reflect.DelegatingMethodAccessorImpl.invoke(DelegatingMethodAccessorImpl.java:43)
at java.base/java.lang.reflect.Method.invoke(Method.java:564)
at org.codehaus.groovy.reflection.CachedMethod.invoke(CachedMethod.java:107)
at groovy.lang.MetaMethod.doMethodInvoke(MetaMethod.java:323)
at groovy.lang.MetaClassImpl.invokeMethod(MetaClassImpl.java:1267)
at org.codehaus.groovy.runtime.ScriptBytecodeAdapter.invokeMethodOnSuperN(ScriptBytecodeAdapter.java:144)
at io.restassured.internal.ValidatableResponseImpl.statusCode(ValidatableResponseImpl.groovy:142)
at io.restassured.internal.ValidatableResponseImpl.statusCode(ValidatableResponseImpl.groovy)
at com.stepDefinition.Steps.verify_the_record_has_deleted_with_response_message(Steps.java:173)
at java.base/jdk.internal.reflect.NativeMethodAccessorImpl.invoke0(Native Method)
at java.base/jdk.internal.reflect.NativeMethodAccessorImpl.invoke(NativeMethodAccessorImpl.java:64)
at java.base/jdk.internal.reflect.DelegatingMethodAccessorImpl.invoke(DelegatingMethodAccessorImpl.java:43)
at java.base/java.lang.reflect.Method.invoke(Method.java:564)
at org.testng.internal.MethodInvocationHelper.invokeMethod(MethodInvocationHelper.java:132)
at org.testng.internal.TestInvoker.invokeMethod(TestInvoker.java:599)
at org.testng.internal.TestInvoker.invokeTestMethod(TestInvoker.java:174)
at org.testng.internal.MethodRunner.runInSequence(MethodRunner.java:46)
at org.testng.internal.TestInvoker$MethodInvocationAgent.invoke(TestInvoker.java:822)
at org.testng.internal.TestInvoker.invokeTestMethods(TestInvoker.java:147)
at org.testng.internal.TestMethodWorker.invokeTestMethods(TestMethodWorker.java:146)
at org.testng.internal.TestMethodWorker.run(TestMethodWorker.java:128)
at java.base/java.util.ArrayList.forEach(ArrayList.java:1511)
at org.testng.TestRunner.privateRun(TestRunner.java:764)
at org.testng.TestRunner.run(TestRunner.java:585)
at org.testng.SuiteRunner.runTest(SuiteRunner.java:384)
at org.testng.SuiteRunner.runSequentially(SuiteRunner.java:378)
at org.testng.SuiteRunner.privateRun(SuiteRunner.java:337)
at org.testng.SuiteRunner.run(SuiteRunner.java:286)
at org.testng.SuiteRunnerWorker.runSuite(SuiteRunnerWorker.java:53)
at org.testng.SuiteRunnerWorker.run(SuiteRunnerWorker.java:96)
at org.testng.TestNG.runSuitesSequentially(TestNG.java:1218)
at org.testng.TestNG.runSuitesLocally(TestNG.java:1140)
at org.testng.TestNG.runSuites(TestNG.java:1069)
at org.testng.TestNG.run(TestNG.java:1037)
at org.testng.remote.AbstractRemoteTestNG.run(AbstractRemoteTestNG.java:115)
at org.testng.remote.RemoteTestNG.initAndRun(RemoteTestNG.java:251)
at org.testng.remote.RemoteTestNG.main(RemoteTestNG.java:77)
]]>
            </full-stacktrace>
          </exception> <!-- java.lang.AssertionError -->
          <reporter-output>
          </reporter-output>
        </test-method> <!-- verify_the_record_has_deleted_with_response_message -->
      </class> <!-- com.stepDefinition.Steps -->
    </test> <!-- Default test -->
  </suite> <!-- Default suite -->
</testng-results>
